2026-04-16 18:09:25,451 - INFO - ETL started
2026-04-16 18:09:25,453 - ERROR - ETL failed
2026-04-16 18:11:04,187 - INFO - ETL started
2026-04-16 18:11:05,328 - INFO - Extracted 20 new rows
2026-04-16 18:11:05,351 - INFO - Transformed 20 rows
2026-04-16 18:11:05,361 - INFO - Loaded 20 rows into DB
2026-04-16 18:11:05,361 - INFO - ETL finished successfully
2026-04-16 18:13:39,801 - INFO - ETL started
2026-04-16 18:13:40,513 - INFO - Extracted 20 new rows
2026-04-16 18:13:40,522 - INFO - Transformed 20 rows
2026-04-16 18:13:40,528 - INFO - Loaded 20 rows into DB
2026-04-16 18:13:40,528 - INFO - ETL finished successfully
2026-04-16 18:14:14,079 - INFO - ETL started
2026-04-16 18:14:16,643 - INFO - Extracted 20 new rows
2026-04-16 18:14:16,655 - INFO - Transformed 20 rows
2026-04-16 18:14:16,668 - INFO - Loaded 20 rows into DB
2026-04-16 18:14:16,668 - INFO - ETL finished successfully
2026-04-16 18:15:28,244 - INFO - ETL started
2026-04-16 18:15:29,458 - INFO - Extracted 20 new rows
2026-04-16 18:15:29,465 - INFO - Transformed 20 rows
2026-04-16 18:15:29,475 - INFO - Loaded 20 rows into DB
2026-04-16 18:15:29,475 - INFO - ETL finished successfully
2026-04-16 18:16:07,828 - INFO - ETL started
2026-04-16 18:16:09,579 - INFO - Extracted 20 new rows
2026-04-16 18:16:09,595 - INFO - Transformed 20 rows
2026-04-16 18:16:09,609 - INFO - Loaded 20 rows into DB
2026-04-16 18:16:09,609 - INFO - ETL finished successfully
2026-04-17 13:54:37,796 - INFO - ETL started
2026-04-17 13:54:39,477 - INFO - Extracted 20 new rows
2026-04-17 13:54:39,498 - INFO - Transformed 20 rows
2026-04-17 13:54:39,505 - INFO - Loaded 20 rows into DB
2026-04-17 13:54:39,505 - INFO - ETL finished successfully
2026-04-17 13:57:19,409 - INFO - Transformed 1 rows
2026-04-17 13:57:19,415 - INFO - Transformed 1 rows
2026-04-17 13:57:19,420 - INFO - Transformed 0 rows
